#! /usr/bin/env bash
exec /opt/homebrew/anaconda3/bin/vvp -f "$0" "$@" <<'# EOF'
:ivl_version "12.0 (devel)" "(0_8-5850-g540555fc-dirty)";
:ivl_delay_selection "TYPICAL";
:vpi_time_precision + 0;
:vpi_module "/opt/homebrew/anaconda3/lib/ivl/system.vpi";
:vpi_module "/opt/homebrew/anaconda3/lib/ivl/vhdl_sys.vpi";
:vpi_module "/opt/homebrew/anaconda3/lib/ivl/vhdl_textio.vpi";
:vpi_module "/opt/homebrew/anaconda3/lib/ivl/v2005_math.vpi";
:vpi_module "/opt/homebrew/anaconda3/lib/ivl/va_math.vpi";
S_0x7fed53f05960 .scope module, "computation" "computation" 2 12;
 .timescale 0 0;
    .port_info 0 /INPUT 1 "clock";
    .port_info 1 /INPUT 1 "reset";
    .port_info 2 /OUTPUT 8 "outRegI";
    .port_info 3 /OUTPUT 8 "outRegX";
    .port_info 4 /OUTPUT 8 "outRegY";
v0x600002e699e0_0 .net "ILTE10", 0 0, L_0x600002d6c5a0;  1 drivers
v0x600002e69a70_0 .net "XLT0", 0 0, L_0x600002d6c500;  1 drivers
o0x7fed580302a8 .functor BUFZ 1, C4<z>; HiZ drive
v0x600002e69b00_0 .net "clock", 0 0, o0x7fed580302a8;  0 drivers
v0x600002e69b90_0 .net "iClear", 0 0, v0x600002e68b40_0;  1 drivers
v0x600002e69c20_0 .net "iLoad", 0 0, v0x600002e68bd0_0;  1 drivers
v0x600002e69cb0_0 .net "outAdder1", 7 0, L_0x600002d6c3c0;  1 drivers
v0x600002e69d40_0 .net "outAdder2", 7 0, L_0x600002d6c460;  1 drivers
v0x600002e69dd0_0 .net "outRegI", 7 0, v0x600002e690e0_0;  1 drivers
v0x600002e69e60_0 .net "outRegX", 7 0, v0x600002e69680_0;  1 drivers
v0x600002e69ef0_0 .net "outRegY", 7 0, v0x600002e698c0_0;  1 drivers
o0x7fed58030398 .functor BUFZ 1, C4<z>; HiZ drive
v0x600002e69f80_0 .net "reset", 0 0, o0x7fed58030398;  0 drivers
v0x600002e6a010_0 .net "xClear", 0 0, v0x600002e68d80_0;  1 drivers
v0x600002e6a0a0_0 .net "xLoad", 0 0, v0x600002e68e10_0;  1 drivers
v0x600002e6a130_0 .net "yClear", 0 0, v0x600002e68ea0_0;  1 drivers
v0x600002e6a1c0_0 .net "yLoad", 0 0, v0x600002e68f30_0;  1 drivers
S_0x7fed53f05ad0 .scope module, "adder1" "ADDER" 2 23, 2 102 0, S_0x7fed53f05960;
 .timescale 0 0;
    .port_info 0 /INPUT 8 "in1";
    .port_info 1 /INPUT 8 "in2";
    .port_info 2 /OUTPUT 8 "out";
L_0x7fed58068050 .functor BUFT 1, C4<00000001>, C4<0>, C4<0>, C4<0>;
v0x600002e685a0_0 .net "in1", 7 0, L_0x7fed58068050;  1 drivers
v0x600002e68630_0 .net "in2", 7 0, v0x600002e690e0_0;  alias, 1 drivers
v0x600002e686c0_0 .net "out", 7 0, L_0x600002d6c3c0;  alias, 1 drivers
L_0x600002d6c3c0 .arith/sum 8, L_0x7fed58068050, v0x600002e690e0_0;
S_0x7fed53f0b090 .scope module, "adder2" "ADDER" 2 24, 2 102 0, S_0x7fed53f05960;
 .timescale 0 0;
    .port_info 0 /INPUT 8 "in1";
    .port_info 1 /INPUT 8 "in2";
    .port_info 2 /OUTPUT 8 "out";
v0x600002e68750_0 .net "in1", 7 0, v0x600002e69680_0;  alias, 1 drivers
v0x600002e687e0_0 .net "in2", 7 0, v0x600002e698c0_0;  alias, 1 drivers
v0x600002e68870_0 .net "out", 7 0, L_0x600002d6c460;  alias, 1 drivers
L_0x600002d6c460 .arith/sum 8, v0x600002e69680_0, v0x600002e698c0_0;
S_0x7fed53f0b200 .scope module, "fsm" "FSM" 2 18, 2 29 0, S_0x7fed53f05960;
 .timescale 0 0;
    .port_info 0 /INPUT 1 "clock";
    .port_info 1 /INPUT 1 "reset";
    .port_info 2 /INPUT 1 "ILTE10";
    .port_info 3 /INPUT 1 "XLT0";
    .port_info 4 /OUTPUT 1 "iLoad";
    .port_info 5 /OUTPUT 1 "iClear";
    .port_info 6 /OUTPUT 1 "xLoad";
    .port_info 7 /OUTPUT 1 "xClear";
    .port_info 8 /OUTPUT 1 "yLoad";
    .port_info 9 /OUTPUT 1 "yClear";
P_0x7fed53f0b370 .param/l "A" 1 2 36, C4<000>;
P_0x7fed53f0b3b0 .param/l "B" 1 2 37, C4<001>;
P_0x7fed53f0b3f0 .param/l "C" 1 2 38, C4<010>;
P_0x7fed53f0b430 .param/l "D" 1 2 39, C4<011>;
P_0x7fed53f0b470 .param/l "E" 1 2 40, C4<100>;
P_0x7fed53f0b4b0 .param/l "F" 1 2 41, C4<101>;
v0x600002e68900_0 .net "ILTE10", 0 0, L_0x600002d6c5a0;  alias, 1 drivers
v0x600002e68990_0 .net "XLT0", 0 0, L_0x600002d6c500;  alias, 1 drivers
v0x600002e68a20_0 .net "clock", 0 0, o0x7fed580302a8;  alias, 0 drivers
v0x600002e68ab0_0 .var "currentState", 2 0;
v0x600002e68b40_0 .var "iClear", 0 0;
v0x600002e68bd0_0 .var "iLoad", 0 0;
v0x600002e68c60_0 .var "nextState", 2 0;
v0x600002e68cf0_0 .net "reset", 0 0, o0x7fed58030398;  alias, 0 drivers
v0x600002e68d80_0 .var "xClear", 0 0;
v0x600002e68e10_0 .var "xLoad", 0 0;
v0x600002e68ea0_0 .var "yClear", 0 0;
v0x600002e68f30_0 .var "yLoad", 0 0;
E_0x6000012656b0/0 .event negedge, v0x600002e68cf0_0;
E_0x6000012656b0/1 .event posedge, v0x600002e68a20_0;
E_0x6000012656b0 .event/or E_0x6000012656b0/0, E_0x6000012656b0/1;
E_0x6000012655c0 .event edge, v0x600002e68ab0_0, v0x600002e68900_0, v0x600002e68990_0;
S_0x7fed53f04280 .scope module, "i" "REGISTER" 2 19, 2 90 0, S_0x7fed53f05960;
 .timescale 0 0;
    .port_info 0 /INPUT 1 "load";
    .port_info 1 /INPUT 1 "clear";
    .port_info 2 /INPUT 8 "dataIn";
    .port_info 3 /OUTPUT 8 "dataOut";
v0x600002e68fc0_0 .net "clear", 0 0, v0x600002e68b40_0;  alias, 1 drivers
v0x600002e69050_0 .net "dataIn", 7 0, L_0x600002d6c3c0;  alias, 1 drivers
v0x600002e690e0_0 .var "dataOut", 7 0;
v0x600002e69170_0 .net "load", 0 0, v0x600002e68bd0_0;  alias, 1 drivers
E_0x600001265560 .event edge, v0x600002e68b40_0, v0x600002e68bd0_0, v0x600002e686c0_0;
S_0x7fed53f043f0 .scope module, "lt" "LT" 2 25, 2 109 0, S_0x7fed53f05960;
 .timescale 0 0;
    .port_info 0 /INPUT 8 "in1";
    .port_info 1 /INPUT 8 "in2";
    .port_info 2 /OUTPUT 1 "out";
L_0x7fed58068098 .functor BUFT 1, C4<00000000>, C4<0>, C4<0>, C4<0>;
v0x600002e69200_0 .net "in1", 7 0, L_0x7fed58068098;  1 drivers
v0x600002e69290_0 .net "in2", 7 0, v0x600002e69680_0;  alias, 1 drivers
v0x600002e69320_0 .net "out", 0 0, L_0x600002d6c500;  alias, 1 drivers
L_0x600002d6c500 .cmp/gt 8, v0x600002e69680_0, L_0x7fed58068098;
S_0x7fed53f04560 .scope module, "lte" "LTE" 2 26, 2 117 0, S_0x7fed53f05960;
 .timescale 0 0;
    .port_info 0 /INPUT 8 "in1";
    .port_info 1 /INPUT 8 "in2";
    .port_info 2 /OUTPUT 1 "out";
L_0x7fed580680e0 .functor BUFT 1, C4<00001010>, C4<0>, C4<0>, C4<0>;
v0x600002e693b0_0 .net "in1", 7 0, L_0x7fed580680e0;  1 drivers
v0x600002e69440_0 .net "in2", 7 0, v0x600002e690e0_0;  alias, 1 drivers
v0x600002e694d0_0 .net "out", 0 0, L_0x600002d6c5a0;  alias, 1 drivers
L_0x600002d6c5a0 .cmp/ge 8, v0x600002e690e0_0, L_0x7fed580680e0;
S_0x7fed53f046d0 .scope module, "x" "REGISTER" 2 20, 2 90 0, S_0x7fed53f05960;
 .timescale 0 0;
    .port_info 0 /INPUT 1 "load";
    .port_info 1 /INPUT 1 "clear";
    .port_info 2 /INPUT 8 "dataIn";
    .port_info 3 /OUTPUT 8 "dataOut";
v0x600002e69560_0 .net "clear", 0 0, v0x600002e68d80_0;  alias, 1 drivers
v0x600002e695f0_0 .net "dataIn", 7 0, L_0x600002d6c460;  alias, 1 drivers
v0x600002e69680_0 .var "dataOut", 7 0;
v0x600002e69710_0 .net "load", 0 0, v0x600002e68e10_0;  alias, 1 drivers
E_0x6000012653e0 .event edge, v0x600002e68d80_0, v0x600002e68e10_0, v0x600002e68870_0;
S_0x7fed53f05e40 .scope module, "y" "REGISTER" 2 21, 2 90 0, S_0x7fed53f05960;
 .timescale 0 0;
    .port_info 0 /INPUT 1 "load";
    .port_info 1 /INPUT 1 "clear";
    .port_info 2 /INPUT 8 "dataIn";
    .port_info 3 /OUTPUT 8 "dataOut";
v0x600002e697a0_0 .net "clear", 0 0, v0x600002e68ea0_0;  alias, 1 drivers
L_0x7fed58068008 .functor BUFT 1, C4<00000011>, C4<0>, C4<0>, C4<0>;
v0x600002e69830_0 .net "dataIn", 7 0, L_0x7fed58068008;  1 drivers
v0x600002e698c0_0 .var "dataOut", 7 0;
v0x600002e69950_0 .net "load", 0 0, v0x600002e68f30_0;  alias, 1 drivers
E_0x600001265380 .event edge, v0x600002e68ea0_0, v0x600002e68f30_0, v0x600002e69830_0;
    .scope S_0x7fed53f0b200;
T_0 ;
    %wait E_0x6000012655c0;
    %pushi/vec4 1, 0, 1;
    %store/vec4 v0x600002e68bd0_0, 0, 1;
    %pushi/vec4 1, 0, 1;
    %store/vec4 v0x600002e68b40_0, 0, 1;
    %pushi/vec4 1, 0, 1;
    %store/vec4 v0x600002e68e10_0, 0, 1;
    %pushi/vec4 1, 0, 1;
    %store/vec4 v0x600002e68d80_0, 0, 1;
    %pushi/vec4 1, 0, 1;
    %store/vec4 v0x600002e68f30_0, 0, 1;
    %pushi/vec4 1, 0, 1;
    %store/vec4 v0x600002e68ea0_0, 0, 1;
    %load/vec4 v0x600002e68ab0_0;
    %dup/vec4;
    %pushi/vec4 0, 0, 3;
    %cmp/u;
    %jmp/1 T_0.0, 6;
    %dup/vec4;
    %pushi/vec4 1, 0, 3;
    %cmp/u;
    %jmp/1 T_0.1, 6;
    %dup/vec4;
    %pushi/vec4 2, 0, 3;
    %cmp/u;
    %jmp/1 T_0.2, 6;
    %dup/vec4;
    %pushi/vec4 3, 0, 3;
    %cmp/u;
    %jmp/1 T_0.3, 6;
    %dup/vec4;
    %pushi/vec4 4, 0, 3;
    %cmp/u;
    %jmp/1 T_0.4, 6;
    %dup/vec4;
    %pushi/vec4 4, 0, 3;
    %cmp/u;
    %jmp/1 T_0.5, 6;
    %pushi/vec4 7, 7, 3;
    %store/vec4 v0x600002e68c60_0, 0, 3;
    %jmp T_0.7;
T_0.0 ;
    %pushi/vec4 0, 0, 1;
    %store/vec4 v0x600002e68d80_0, 0, 1;
    %pushi/vec4 0, 0, 1;
    %store/vec4 v0x600002e68b40_0, 0, 1;
    %pushi/vec4 1, 0, 3;
    %store/vec4 v0x600002e68c60_0, 0, 3;
    %jmp T_0.7;
T_0.1 ;
    %pushi/vec4 0, 0, 1;
    %store/vec4 v0x600002e68e10_0, 0, 1;
    %pushi/vec4 0, 0, 1;
    %store/vec4 v0x600002e68bd0_0, 0, 1;
    %pushi/vec4 2, 0, 3;
    %store/vec4 v0x600002e68c60_0, 0, 3;
    %jmp T_0.7;
T_0.2 ;
    %load/vec4 v0x600002e68900_0;
    %flag_set/vec4 8;
    %jmp/0xz  T_0.8, 8;
    %pushi/vec4 1, 0, 3;
    %store/vec4 v0x600002e68c60_0, 0, 3;
    %jmp T_0.9;
T_0.8 ;
    %load/vec4 v0x600002e68990_0;
    %flag_set/vec4 8;
    %jmp/0xz  T_0.10, 8;
    %pushi/vec4 3, 0, 3;
    %store/vec4 v0x600002e68c60_0, 0, 3;
    %jmp T_0.11;
T_0.10 ;
    %pushi/vec4 4, 0, 3;
    %store/vec4 v0x600002e68c60_0, 0, 3;
T_0.11 ;
T_0.9 ;
    %jmp T_0.7;
T_0.3 ;
    %pushi/vec4 0, 0, 1;
    %store/vec4 v0x600002e68ea0_0, 0, 1;
    %pushi/vec4 5, 0, 3;
    %store/vec4 v0x600002e68c60_0, 0, 3;
    %jmp T_0.7;
T_0.4 ;
    %pushi/vec4 0, 0, 1;
    %store/vec4 v0x600002e68d80_0, 0, 1;
    %pushi/vec4 5, 0, 3;
    %store/vec4 v0x600002e68c60_0, 0, 3;
    %jmp T_0.7;
T_0.5 ;
    %pushi/vec4 5, 0, 3;
    %store/vec4 v0x600002e68c60_0, 0, 3;
    %jmp T_0.7;
T_0.7 ;
    %pop/vec4 1;
    %jmp T_0;
    .thread T_0, $push;
    .scope S_0x7fed53f0b200;
T_1 ;
    %wait E_0x6000012656b0;
    %load/vec4 v0x600002e68cf0_0;
    %inv;
    %flag_set/vec4 8;
    %jmp/0xz  T_1.0, 8;
    %pushi/vec4 0, 0, 3;
    %assign/vec4 v0x600002e68ab0_0, 0;
    %jmp T_1.1;
T_1.0 ;
    %load/vec4 v0x600002e68c60_0;
    %assign/vec4 v0x600002e68ab0_0, 0;
T_1.1 ;
    %jmp T_1;
    .thread T_1;
    .scope S_0x7fed53f04280;
T_2 ;
    %wait E_0x600001265560;
    %load/vec4 v0x600002e68fc0_0;
    %inv;
    %flag_set/vec4 8;
    %jmp/0xz  T_2.0, 8;
    %pushi/vec4 0, 0, 8;
    %assign/vec4 v0x600002e690e0_0, 0;
    %jmp T_2.1;
T_2.0 ;
    %load/vec4 v0x600002e69170_0;
    %inv;
    %flag_set/vec4 8;
    %jmp/0xz  T_2.2, 8;
    %load/vec4 v0x600002e69050_0;
    %assign/vec4 v0x600002e690e0_0, 0;
T_2.2 ;
T_2.1 ;
    %jmp T_2;
    .thread T_2, $push;
    .scope S_0x7fed53f046d0;
T_3 ;
    %wait E_0x6000012653e0;
    %load/vec4 v0x600002e69560_0;
    %inv;
    %flag_set/vec4 8;
    %jmp/0xz  T_3.0, 8;
    %pushi/vec4 0, 0, 8;
    %assign/vec4 v0x600002e69680_0, 0;
    %jmp T_3.1;
T_3.0 ;
    %load/vec4 v0x600002e69710_0;
    %inv;
    %flag_set/vec4 8;
    %jmp/0xz  T_3.2, 8;
    %load/vec4 v0x600002e695f0_0;
    %assign/vec4 v0x600002e69680_0, 0;
T_3.2 ;
T_3.1 ;
    %jmp T_3;
    .thread T_3, $push;
    .scope S_0x7fed53f05e40;
T_4 ;
    %wait E_0x600001265380;
    %load/vec4 v0x600002e697a0_0;
    %inv;
    %flag_set/vec4 8;
    %jmp/0xz  T_4.0, 8;
    %pushi/vec4 0, 0, 8;
    %assign/vec4 v0x600002e698c0_0, 0;
    %jmp T_4.1;
T_4.0 ;
    %load/vec4 v0x600002e69950_0;
    %inv;
    %flag_set/vec4 8;
    %jmp/0xz  T_4.2, 8;
    %load/vec4 v0x600002e69830_0;
    %assign/vec4 v0x600002e698c0_0, 0;
T_4.2 ;
T_4.1 ;
    %jmp T_4;
    .thread T_4, $push;
# The file index is used to find the file name in the following table.
:file_names 3;
    "N/A";
    "<interactive>";
    "DataPathAndFSM.v";
# EOF
