#! /usr/bin/env bash
exec /opt/homebrew/anaconda3/bin/vvp -f "$0" "$@" <<'# EOF'
:ivl_version "12.0 (devel)" "(0_8-5850-g540555fc-dirty)";
:ivl_delay_selection "TYPICAL";
:vpi_time_precision + 0;
:vpi_module "/opt/homebrew/anaconda3/lib/ivl/system.vpi";
:vpi_module "/opt/homebrew/anaconda3/lib/ivl/vhdl_sys.vpi";
:vpi_module "/opt/homebrew/anaconda3/lib/ivl/vhdl_textio.vpi";
:vpi_module "/opt/homebrew/anaconda3/lib/ivl/v2005_math.vpi";
:vpi_module "/opt/homebrew/anaconda3/lib/ivl/va_math.vpi";
S_0x7fd723708ab0 .scope module, "TestBench" "TestBench" 2 3;
 .timescale 0 0;
P_0x600002a8b5c0 .param/l "WIDTH" 0 2 3, +C4<00000000000000000000000000000100>;
v0x600000d89830_0 .net "A", 3 0, v0x600000d89440_0;  1 drivers
v0x600000d898c0_0 .net "AddSel", 1 0, v0x600000d894d0_0;  1 drivers
v0x600000d89950_0 .net "B", 3 0, v0x600000d89560_0;  1 drivers
v0x600000d899e0_0 .net "Out", 3 0, v0x600000d88cf0_0;  1 drivers
S_0x7fd723708c20 .scope module, "sa" "SaturationAdder" 2 9, 2 36 0, S_0x7fd723708ab0;
 .timescale 0 0;
    .port_info 0 /INPUT 4 "A";
    .port_info 1 /INPUT 4 "B";
    .port_info 2 /INPUT 2 "AddSel";
    .port_info 3 /OUTPUT 4 "Out";
P_0x600002a8b640 .param/l "WIDTH" 0 2 36, +C4<00000000000000000000000000000100>;
L_0x7fd728078008 .functor BUFT 1, C4<1>, C4<0>, C4<0>, C4<0>;
L_0x600001488a10 .functor XNOR 1, L_0x600000e880a0, L_0x7fd728078008, C4<0>, C4<0>;
L_0x7fd728078050 .functor BUFT 1, C4<0000>, C4<0>, C4<0>, C4<0>;
L_0x600001488a80 .functor XOR 4, v0x600000d89560_0, L_0x7fd728078050, C4<0000>, C4<0000>;
L_0x7fd728078098 .functor BUFT 1, C4<0000>, C4<0>, C4<0>, C4<0>;
L_0x600001488af0 .functor XOR 4, v0x600000d89560_0, L_0x7fd728078098, C4<0000>, C4<0000>;
v0x600000d88990_0 .net "A", 3 0, v0x600000d89440_0;  alias, 1 drivers
v0x600000d88a20_0 .net "AddSel", 1 0, v0x600000d894d0_0;  alias, 1 drivers
v0x600000d88ab0_0 .net "B", 3 0, v0x600000d89560_0;  alias, 1 drivers
v0x600000d88b40_0 .net "CB", 3 0, L_0x600000e88140;  1 drivers
L_0x7fd7280781b8 .functor BUFT 1, C4<1111>, C4<0>, C4<0>, C4<0>;
v0x600000d88bd0_0 .net "Max", 3 0, L_0x7fd7280781b8;  1 drivers
L_0x7fd728078170 .functor BUFT 1, C4<0000>, C4<0>, C4<0>, C4<0>;
v0x600000d88c60_0 .net "Min", 3 0, L_0x7fd728078170;  1 drivers
v0x600000d88cf0_0 .var "Out", 3 0;
v0x600000d88d80_0 .net *"_ivl_1", 0 0, L_0x600000e880a0;  1 drivers
v0x600000d88e10_0 .net/2u *"_ivl_10", 3 0, L_0x7fd728078098;  1 drivers
v0x600000d88ea0_0 .net *"_ivl_12", 3 0, L_0x600001488af0;  1 drivers
v0x600000d88f30_0 .net *"_ivl_16", 4 0, L_0x600000e881e0;  1 drivers
L_0x7fd7280780e0 .functor BUFT 1, C4<0>, C4<0>, C4<0>, C4<0>;
v0x600000d88fc0_0 .net *"_ivl_19", 0 0, L_0x7fd7280780e0;  1 drivers
v0x600000d89050_0 .net/2u *"_ivl_2", 0 0, L_0x7fd728078008;  1 drivers
v0x600000d890e0_0 .net *"_ivl_20", 4 0, L_0x600000e88280;  1 drivers
L_0x7fd728078128 .functor BUFT 1, C4<0>, C4<0>, C4<0>, C4<0>;
v0x600000d89170_0 .net *"_ivl_23", 0 0, L_0x7fd728078128;  1 drivers
v0x600000d89200_0 .net *"_ivl_4", 0 0, L_0x600001488a10;  1 drivers
v0x600000d89290_0 .net/2u *"_ivl_6", 3 0, L_0x7fd728078050;  1 drivers
v0x600000d89320_0 .net *"_ivl_8", 3 0, L_0x600001488a80;  1 drivers
v0x600000d893b0_0 .net "actualAdd", 4 0, L_0x600000e88320;  1 drivers
E_0x60000318bc90/0 .event edge, v0x600000d88990_0, v0x600000d88b40_0, v0x600000d88a20_0, v0x600000d88ab0_0;
E_0x60000318bc90/1 .event edge, v0x600000d893b0_0, v0x600000d88bd0_0, v0x600000d88c60_0;
E_0x60000318bc90 .event/or E_0x60000318bc90/0, E_0x60000318bc90/1;
L_0x600000e880a0 .part v0x600000d894d0_0, 0, 1;
L_0x600000e88140 .functor MUXZ 4, L_0x600001488af0, L_0x600001488a80, L_0x600001488a10, C4<>;
L_0x600000e881e0 .concat [ 4 1 0 0], v0x600000d89440_0, L_0x7fd7280780e0;
L_0x600000e88280 .concat [ 4 1 0 0], L_0x600000e88140, L_0x7fd728078128;
L_0x600000e88320 .arith/sum 5, L_0x600000e881e0, L_0x600000e88280;
S_0x7fd7237049c0 .scope module, "ts" "Test_SatuationAdder" 2 8, 2 13 0, S_0x7fd723708ab0;
 .timescale 0 0;
    .port_info 0 /OUTPUT 4 "A";
    .port_info 1 /OUTPUT 4 "B";
    .port_info 2 /OUTPUT 2 "AddSel";
    .port_info 3 /INPUT 4 "Out";
P_0x600002a8b700 .param/l "WIDTH" 0 2 13, +C4<00000000000000000000000000000100>;
v0x600000d89440_0 .var "A", 3 0;
v0x600000d894d0_0 .var "AddSel", 1 0;
v0x600000d89560_0 .var "B", 3 0;
v0x600000d895f0_0 .net "Out", 3 0, v0x600000d88cf0_0;  alias, 1 drivers
v0x600000d89680_0 .var/i "i", 31 0;
v0x600000d89710_0 .var/i "j", 31 0;
v0x600000d897a0_0 .var/i "k", 31 0;
    .scope S_0x7fd7237049c0;
T_0 ;
    %vpi_call 2 21 "$monitor", $time, " ", "%d | %d %d = %d", v0x600000d894d0_0, v0x600000d89440_0, v0x600000d89560_0, v0x600000d895f0_0 {0 0 0};
    %pushi/vec4 0, 0, 32;
    %store/vec4 v0x600000d89680_0, 0, 32;
T_0.0 ;
    %load/vec4 v0x600000d89680_0;
    %cmpi/s 4, 0, 32;
    %jmp/0xz T_0.1, 5;
    %pushi/vec4 0, 0, 32;
    %store/vec4 v0x600000d89710_0, 0, 32;
T_0.2 ;
    %load/vec4 v0x600000d89710_0;
    %cmpi/s 16, 0, 32;
    %jmp/0xz T_0.3, 5;
    %pushi/vec4 0, 0, 32;
    %store/vec4 v0x600000d897a0_0, 0, 32;
T_0.4 ;
    %load/vec4 v0x600000d897a0_0;
    %cmpi/s 16, 0, 32;
    %jmp/0xz T_0.5, 5;
    %delay 10, 0;
    %load/vec4 v0x600000d89680_0;
    %pad/s 2;
    %store/vec4 v0x600000d894d0_0, 0, 2;
    %load/vec4 v0x600000d89710_0;
    %pad/s 4;
    %store/vec4 v0x600000d89440_0, 0, 4;
    %load/vec4 v0x600000d897a0_0;
    %pad/s 4;
    %store/vec4 v0x600000d89560_0, 0, 4;
    %load/vec4 v0x600000d897a0_0;
    %addi 1, 0, 32;
    %store/vec4 v0x600000d897a0_0, 0, 32;
    %jmp T_0.4;
T_0.5 ;
    %load/vec4 v0x600000d89710_0;
    %addi 1, 0, 32;
    %store/vec4 v0x600000d89710_0, 0, 32;
    %jmp T_0.2;
T_0.3 ;
    %load/vec4 v0x600000d89680_0;
    %addi 1, 0, 32;
    %store/vec4 v0x600000d89680_0, 0, 32;
    %jmp T_0.0;
T_0.1 ;
    %delay 10, 0;
    %vpi_call 2 32 "$finish" {0 0 0};
    %end;
    .thread T_0;
    .scope S_0x7fd723708c20;
T_1 ;
    %wait E_0x60000318bc90;
    %load/vec4 v0x600000d88990_0;
    %load/vec4 v0x600000d88b40_0;
    %add;
    %store/vec4 v0x600000d88cf0_0, 0, 4;
    %load/vec4 v0x600000d88a20_0;
    %parti/s 1, 1, 2;
    %cmpi/e 1, 0, 1;
    %jmp/0xz  T_1.0, 4;
    %load/vec4 v0x600000d88990_0;
    %parti/s 1, 3, 3;
    %pushi/vec4 0, 0, 1;
    %cmp/e;
    %flag_get/vec4 4;
    %load/vec4 v0x600000d88ab0_0;
    %parti/s 1, 3, 3;
    %pushi/vec4 0, 0, 1;
    %cmp/e;
    %flag_get/vec4 4;
    %and;
    %flag_set/vec4 8;
    %jmp/0xz  T_1.2, 8;
    %load/vec4 v0x600000d88bd0_0;
    %pad/u 5;
    %load/vec4 v0x600000d893b0_0;
    %cmp/u;
    %jmp/0xz  T_1.4, 5;
    %load/vec4 v0x600000d88bd0_0;
    %store/vec4 v0x600000d88cf0_0, 0, 4;
T_1.4 ;
    %jmp T_1.3;
T_1.2 ;
    %load/vec4 v0x600000d88990_0;
    %parti/s 1, 3, 3;
    %pushi/vec4 1, 0, 1;
    %cmp/e;
    %flag_get/vec4 4;
    %load/vec4 v0x600000d88ab0_0;
    %parti/s 1, 3, 3;
    %pushi/vec4 1, 0, 1;
    %cmp/e;
    %flag_get/vec4 4;
    %and;
    %flag_set/vec4 8;
    %jmp/0xz  T_1.6, 8;
    %load/vec4 v0x600000d893b0_0;
    %load/vec4 v0x600000d88c60_0;
    %pad/u 5;
    %cmp/u;
    %jmp/0xz  T_1.8, 5;
    %load/vec4 v0x600000d88c60_0;
    %store/vec4 v0x600000d88cf0_0, 0, 4;
T_1.8 ;
T_1.6 ;
T_1.3 ;
T_1.0 ;
    %jmp T_1;
    .thread T_1, $push;
# The file index is used to find the file name in the following table.
:file_names 3;
    "N/A";
    "<interactive>";
    "2.8.v";
# EOF
