#! /usr/bin/env bash
exec /opt/homebrew/anaconda3/bin/vvp -f "$0" "$@" <<'# EOF'
:ivl_version "12.0 (devel)" "(0_8-5850-g540555fc-dirty)";
:ivl_delay_selection "TYPICAL";
:vpi_time_precision + 0;
:vpi_module "/opt/homebrew/anaconda3/lib/ivl/system.vpi";
:vpi_module "/opt/homebrew/anaconda3/lib/ivl/vhdl_sys.vpi";
:vpi_module "/opt/homebrew/anaconda3/lib/ivl/vhdl_textio.vpi";
:vpi_module "/opt/homebrew/anaconda3/lib/ivl/v2005_math.vpi";
:vpi_module "/opt/homebrew/anaconda3/lib/ivl/va_math.vpi";
S_0x7fb92bf049c0 .scope module, "Testbench" "Testbench" 2 3;
 .timescale 0 0;
v0x600000b79c20_0 .net "immunity1", 0 0, v0x600000b787e0_0;  1 drivers
v0x600000b79cb0_0 .net "immunity2", 0 0, v0x600000b78870_0;  1 drivers
v0x600000b79d40_0 .net "naked", 0 0, v0x600000b78900_0;  1 drivers
v0x600000b79dd0_0 .net "non_VHDL_alliance", 0 0, v0x600000b78990_0;  1 drivers
v0x600000b79e60_0 .net "rat", 0 0, v0x600000b78a20_0;  1 drivers
v0x600000b79ef0_0 .net "survivor", 0 0, L_0x600001278af0;  1 drivers
S_0x7fb92bf04b30 .scope module, "d1" "Test_HW_Design_Survivor" 2 5, 2 10 0, S_0x7fb92bf049c0;
 .timescale 0 0;
    .port_info 0 /OUTPUT 1 "rat";
    .port_info 1 /OUTPUT 1 "non_VHDL_alliance";
    .port_info 2 /OUTPUT 1 "immunity1";
    .port_info 3 /OUTPUT 1 "immunity2";
    .port_info 4 /OUTPUT 1 "naked";
    .port_info 5 /INPUT 1 "survivor";
v0x600000b78750_0 .var/i "i", 31 0;
v0x600000b787e0_0 .var "immunity1", 0 0;
v0x600000b78870_0 .var "immunity2", 0 0;
v0x600000b78900_0 .var "naked", 0 0;
v0x600000b78990_0 .var "non_VHDL_alliance", 0 0;
v0x600000b78a20_0 .var "rat", 0 0;
v0x600000b78ab0_0 .net "survivor", 0 0, L_0x600001278af0;  alias, 1 drivers
S_0x7fb92bf04ca0 .scope module, "d2" "HW_Design_Survivor" 2 6, 2 24 0, S_0x7fb92bf049c0;
 .timescale 0 0;
    .port_info 0 /INPUT 1 "rat";
    .port_info 1 /INPUT 1 "non_VHDL_alliance";
    .port_info 2 /INPUT 1 "immunity1";
    .port_info 3 /INPUT 1 "immunity2";
    .port_info 4 /INPUT 1 "naked";
    .port_info 5 /OUTPUT 1 "survivor";
v0x600000b79680_0 .net "immunity1", 0 0, v0x600000b787e0_0;  alias, 1 drivers
v0x600000b79710_0 .net "immunity2", 0 0, v0x600000b78870_0;  alias, 1 drivers
v0x600000b797a0_0 .net "naked", 0 0, v0x600000b78900_0;  alias, 1 drivers
v0x600000b79830_0 .net "non_VHDL_alliance", 0 0, v0x600000b78990_0;  alias, 1 drivers
v0x600000b798c0_0 .net "out_and1", 0 0, L_0x600001278770;  1 drivers
v0x600000b79950_0 .net "out_and2", 0 0, L_0x600001278850;  1 drivers
v0x600000b799e0_0 .net "out_and3", 0 0, L_0x6000012789a0;  1 drivers
v0x600000b79a70_0 .net "out_not", 0 0, L_0x6000012788c0;  1 drivers
v0x600000b79b00_0 .net "rat", 0 0, v0x600000b78a20_0;  alias, 1 drivers
v0x600000b79b90_0 .net "survivor", 0 0, L_0x600001278af0;  alias, 1 drivers
S_0x7fb92bf04e10 .scope module, "d1" "AND" 2 29, 2 36 0, S_0x7fb92bf04ca0;
 .timescale 0 0;
    .port_info 0 /OUTPUT 1 "out";
    .port_info 1 /INPUT 1 "a";
    .port_info 2 /INPUT 1 "b";
L_0x600001278700 .functor NAND 1, v0x600000b78a20_0, v0x600000b78990_0, C4<1>, C4<1>;
L_0x600001278770 .functor NAND 1, L_0x600001278700, L_0x600001278700, C4<1>, C4<1>;
v0x600000b78bd0_0 .net "a", 0 0, v0x600000b78a20_0;  alias, 1 drivers
v0x600000b78c60_0 .net "b", 0 0, v0x600000b78990_0;  alias, 1 drivers
v0x600000b78cf0_0 .net "out", 0 0, L_0x600001278770;  alias, 1 drivers
v0x600000b78d80_0 .net "out_d1", 0 0, L_0x600001278700;  1 drivers
S_0x7fb92bf05380 .scope module, "d2" "AND" 2 30, 2 36 0, S_0x7fb92bf04ca0;
 .timescale 0 0;
    .port_info 0 /OUTPUT 1 "out";
    .port_info 1 /INPUT 1 "a";
    .port_info 2 /INPUT 1 "b";
L_0x6000012787e0 .functor NAND 1, v0x600000b787e0_0, v0x600000b78870_0, C4<1>, C4<1>;
L_0x600001278850 .functor NAND 1, L_0x6000012787e0, L_0x6000012787e0, C4<1>, C4<1>;
v0x600000b78e10_0 .net "a", 0 0, v0x600000b787e0_0;  alias, 1 drivers
v0x600000b78ea0_0 .net "b", 0 0, v0x600000b78870_0;  alias, 1 drivers
v0x600000b78f30_0 .net "out", 0 0, L_0x600001278850;  alias, 1 drivers
v0x600000b78fc0_0 .net "out_d1", 0 0, L_0x6000012787e0;  1 drivers
S_0x7fb92bf054f0 .scope module, "d3" "NOT" 2 31, 2 47 0, S_0x7fb92bf04ca0;
 .timescale 0 0;
    .port_info 0 /OUTPUT 1 "out";
    .port_info 1 /INPUT 1 "a";
L_0x6000012788c0 .functor NAND 1, v0x600000b78900_0, v0x600000b78900_0, C4<1>, C4<1>;
v0x600000b79050_0 .net "a", 0 0, v0x600000b78900_0;  alias, 1 drivers
v0x600000b790e0_0 .net "out", 0 0, L_0x6000012788c0;  alias, 1 drivers
S_0x7fb92bf05660 .scope module, "d4" "AND" 2 32, 2 36 0, S_0x7fb92bf04ca0;
 .timescale 0 0;
    .port_info 0 /OUTPUT 1 "out";
    .port_info 1 /INPUT 1 "a";
    .port_info 2 /INPUT 1 "b";
L_0x600001278930 .functor NAND 1, L_0x600001278850, L_0x6000012788c0, C4<1>, C4<1>;
L_0x6000012789a0 .functor NAND 1, L_0x600001278930, L_0x600001278930, C4<1>, C4<1>;
v0x600000b79170_0 .net "a", 0 0, L_0x600001278850;  alias, 1 drivers
v0x600000b79200_0 .net "b", 0 0, L_0x6000012788c0;  alias, 1 drivers
v0x600000b79290_0 .net "out", 0 0, L_0x6000012789a0;  alias, 1 drivers
v0x600000b79320_0 .net "out_d1", 0 0, L_0x600001278930;  1 drivers
S_0x7fb92bf057d0 .scope module, "d5" "OR" 2 33, 2 41 0, S_0x7fb92bf04ca0;
 .timescale 0 0;
    .port_info 0 /OUTPUT 1 "out";
    .port_info 1 /INPUT 1 "a";
    .port_info 2 /INPUT 1 "b";
L_0x600001278a10 .functor NAND 1, L_0x600001278770, L_0x600001278770, C4<1>, C4<1>;
L_0x600001278a80 .functor NAND 1, L_0x6000012789a0, L_0x6000012789a0, C4<1>, C4<1>;
L_0x600001278af0 .functor NAND 1, L_0x600001278a10, L_0x600001278a80, C4<1>, C4<1>;
v0x600000b793b0_0 .net "a", 0 0, L_0x600001278770;  alias, 1 drivers
v0x600000b79440_0 .net "b", 0 0, L_0x6000012789a0;  alias, 1 drivers
v0x600000b794d0_0 .net "out", 0 0, L_0x600001278af0;  alias, 1 drivers
v0x600000b79560_0 .net "out_d1", 0 0, L_0x600001278a10;  1 drivers
v0x600000b795f0_0 .net "out_d2", 0 0, L_0x600001278a80;  1 drivers
    .scope S_0x7fb92bf04b30;
T_0 ;
    %vpi_call 2 16 "$monitor", $time, " ", "%b %b %b %b %b | %b", v0x600000b78a20_0, v0x600000b78990_0, v0x600000b787e0_0, v0x600000b78870_0, v0x600000b78900_0, v0x600000b78ab0_0 {0 0 0};
    %pushi/vec4 0, 0, 32;
    %store/vec4 v0x600000b78750_0, 0, 32;
T_0.0 ;
    %load/vec4 v0x600000b78750_0;
    %cmpi/s 32, 0, 32;
    %jmp/0xz T_0.1, 5;
    %delay 1, 0;
    %load/vec4 v0x600000b78750_0;
    %pad/s 5;
    %split/vec4 1;
    %store/vec4 v0x600000b78900_0, 0, 1;
    %split/vec4 1;
    %store/vec4 v0x600000b78870_0, 0, 1;
    %split/vec4 1;
    %store/vec4 v0x600000b787e0_0, 0, 1;
    %split/vec4 1;
    %store/vec4 v0x600000b78990_0, 0, 1;
    %store/vec4 v0x600000b78a20_0, 0, 1;
    %load/vec4 v0x600000b78750_0;
    %addi 1, 0, 32;
    %store/vec4 v0x600000b78750_0, 0, 32;
    %jmp T_0.0;
T_0.1 ;
    %delay 1, 0;
    %vpi_call 2 20 "$finish" {0 0 0};
    %end;
    .thread T_0;
# The file index is used to find the file name in the following table.
:file_names 3;
    "N/A";
    "<interactive>";
    "ex14.v";
# EOF
